<?xml version="1.0" encoding="UTF-8"?>
<!-- Generated by org.testng.reporters.JUnitXMLReporter -->
<testsuite ignored="0" hostname="LAPTOP-3A2SBHVC" failures="1" tests="2" name="Test1" time="0.064" errors="0" timestamp="2023-08-17T11:32:38 IST">
  <testcase classname="script.StandaloneTest" name="submitOrder" time="0.0">
    <failure type="org.testng.TestNGException" message="
Data Provider public java.util.HashMap script.StandaloneTest.getData() must return either Object[][] or Object[] or Iterator&amp;lt;Object[]&amp;gt; or Iterator&amp;lt;Object&amp;gt;, not class java.util.HashMap">
      <![CDATA[org.testng.TestNGException: 
Data Provider public java.util.HashMap script.StandaloneTest.getData() must return either Object[][] or Object[] or Iterator<Object[]> or Iterator<Object>, not class java.util.HashMap
at java.base/java.util.ArrayList.forEach(ArrayList.java:1511)
... Removed 24 stack frames]]>
    </failure>
  </testcase> <!-- submitOrder -->
  <testcase classname="script.StandaloneTest" name="getOrderprod" time="0.0">
    <skipped/>
  </testcase> <!-- getOrderprod -->
</testsuite> <!-- Test1 -->
